[
  {
    "line": 1,
    "elements": [
      {
        "start_timestamp": "2020-07-31T12:39:52.490Z",
        "line": 3,
        "name": "Login into site",
        "description": "",
        "id": "validate-crmsite-functionality;login-into-site",
        "type": "scenario",
        "keyword": "Scenario",
        "steps": [
          {
            "result": {
              "duration": 10661776000,
              "status": "passed"
            },
            "line": 4,
            "name": "launch browser and get url",
            "match": {
              "location": "com.stepDefinitionCRM.CRMLoginTestSteps.launch_browser_and_get_url()"
            },
            "keyword": "Given "
          },
          {
            "result": {
              "duration": 9973500,
              "status": "passed"
            },
            "line": 5,
            "name": "to get title",
            "match": {
              "location": "com.stepDefinitionCRM.CRMLoginTestSteps.to_get_title()"
            },
            "keyword": "When "
          },
          {
            "result": {
              "duration": 808370400,
              "status": "passed"
            },
            "line": 6,
            "name": "enter username and password",
            "match": {
              "location": "com.stepDefinitionCRM.CRMLoginTestSteps.enter_username_and_password()"
            },
            "keyword": "Then "
          },
          {
            "result": {
              "duration": 98734500,
              "status": "passed"
            },
            "line": 7,
            "name": "clcik login",
            "match": {
              "location": "com.stepDefinitionCRM.CRMLoginTestSteps.clcik_login()"
            },
            "keyword": "Then "
          }
        ]
      },
      {
        "start_timestamp": "2020-07-31T12:40:04.182Z",
        "line": 17,
        "name": "DealPage Validation",
        "description": "",
        "id": "validate-crmsite-functionality;dealpage-validation",
        "type": "scenario",
        "keyword": "Scenario",
        "steps": [
          {
            "result": {
              "duration": 2336937500,
              "status": "passed"
            },
            "line": 18,
            "name": "Click on Deal Menu",
            "match": {
              "location": "com.stepDefinitionCRM.DealsTest_steps.click_on_deal_menu()"
            },
            "keyword": "When "
          },
          {
            "result": {
              "duration": 556510300,
              "status": "passed"
            },
            "line": 19,
            "name": "Click on pipeline",
            "match": {
              "location": "com.stepDefinitionCRM.DealsTest_steps.click_on_pipeline()"
            },
            "keyword": "Then "
          },
          {
            "result": {
              "duration": 260265200,
              "status": "passed"
            },
            "line": 20,
            "name": "Click on Navbuttons",
            "match": {
              "location": "com.stepDefinitionCRM.DealsTest_steps.click_on_navbuttons()"
            },
            "keyword": "Then "
          },
          {
            "result": {
              "duration": 267284000,
              "status": "passed"
            },
            "line": 21,
            "name": "Click on New",
            "match": {
              "location": "com.stepDefinitionCRM.DealsTest_steps.click_on_new()"
            },
            "keyword": "Then "
          },
          {
            "result": {
              "duration": 479623700,
              "status": "passed"
            },
            "line": 22,
            "name": "Enter Title and company name",
            "match": {
              "location": "com.stepDefinitionCRM.DealsTest_steps.enter_title_and_company_name()"
            },
            "keyword": "Then "
          },
          {
            "result": {
              "duration": 1508713100,
              "status": "passed"
            },
            "line": 23,
            "name": "Choose closedate",
            "match": {
              "location": "com.stepDefinitionCRM.DealsTest_steps.choose_closedate()"
            },
            "keyword": "Then "
          },
          {
            "result": {
              "duration": 750992800,
              "status": "passed"
            },
            "line": 24,
            "name": "save",
            "match": {
              "location": "com.stepDefinitionCRM.DealsTest_steps.save()"
            },
            "keyword": "Then "
          }
        ]
      },
      {
        "start_timestamp": "2020-07-31T12:40:10.355Z",
        "line": 26,
        "name": "CasesPage Validation",
        "description": "",
        "id": "validate-crmsite-functionality;casespage-validation",
        "type": "scenario",
        "keyword": "Scenario",
        "steps": [
          {
            "result": {
              "duration": 192085600,
              "status": "passed"
            },
            "line": 27,
            "name": "Clicking on navigation menu",
            "match": {
              "location": "com.stepDefinitionCRM.CasesPageStepDefinition.clicking_on_navigation_menu()"
            },
            "keyword": "When "
          },
          {
            "result": {
              "duration": 95939800,
              "status": "passed"
            },
            "line": 28,
            "name": "Click View drop down",
            "match": {
              "location": "com.stepDefinitionCRM.CasesPageStepDefinition.click_view_drop_down()"
            },
            "keyword": "Then "
          },
          {
            "result": {
              "error_message": "org.openqa.selenium.StaleElementReferenceException: stale element reference: element is not attached to the page document\n  (Session info: chrome\u003d84.0.4147.105)\nFor documentation on this error, please visit: https://www.seleniumhq.org/exceptions/stale_element_reference.html\nBuild info: version: \u00273.141.59\u0027, revision: \u0027e82be7d358\u0027, time: \u00272018-11-14T08:17:03\u0027\nSystem info: host: \u0027DESKTOP-674K7K6\u0027, ip: \u0027192.168.1.65\u0027, os.name: \u0027Windows 10\u0027, os.arch: \u0027amd64\u0027, os.version: \u002710.0\u0027, java.version: \u002711.0.7\u0027\nDriver info: org.openqa.selenium.chrome.ChromeDriver\nCapabilities {acceptInsecureCerts: false, browserName: chrome, browserVersion: 84.0.4147.105, chrome: {chromedriverVersion: 83.0.4103.39 (ccbf011cb2d2b..., userDataDir: C:\\Users\\mohan\\AppData\\Loca...}, goog:chromeOptions: {debuggerAddress: localhost:61732}, javascriptEnabled: true, networkConnectionEnabled: false, pageLoadStrategy: normal, platform: WINDOWS, platformName: WINDOWS, proxy: Proxy(), setWindowRect: true, strictFileInteractability: false, timeouts: {implicit: 0, pageLoad: 300000, script: 30000}, unhandledPromptBehavior: dismiss and notify, webauthn:virtualAuthenticators: true}\nSession ID: f7336d3f09146caf9a42a712d38c6211\r\n\tat java.base/jdk.internal.reflect.NativeConstructorAccessorImpl.newInstance0(Native Method)\r\n\tat java.base/jdk.internal.reflect.NativeConstructorAccessorImpl.newInstance(NativeConstructorAccessorImpl.java:62)\r\n\tat java.base/jdk.internal.reflect.DelegatingConstructorAccessorImpl.newInstance(DelegatingConstructorAccessorImpl.java:45)\r\n\tat java.base/java.lang.reflect.Constructor.newInstance(Constructor.java:490)\r\n\tat org.openqa.selenium.remote.http.W3CHttpResponseCodec.createException(W3CHttpResponseCodec.java:187)\r\n\tat org.openqa.selenium.remote.http.W3CHttpResponseCodec.decode(W3CHttpResponseCodec.java:122)\r\n\tat org.openqa.selenium.remote.http.W3CHttpResponseCodec.decode(W3CHttpResponseCodec.java:49)\r\n\tat org.openqa.selenium.remote.HttpCommandExecutor.execute(HttpCommandExecutor.java:158)\r\n\tat org.openqa.selenium.remote.service.DriverCommandExecutor.execute(DriverCommandExecutor.java:83)\r\n\tat org.openqa.selenium.remote.RemoteWebDriver.execute(RemoteWebDriver.java:552)\r\n\tat org.openqa.selenium.remote.RemoteWebElement.execute(RemoteWebElement.java:285)\r\n\tat org.openqa.selenium.remote.RemoteWebElement.click(RemoteWebElement.java:84)\r\n\tat java.base/jdk.internal.reflect.NativeMethodAccessorImpl.invoke0(Native Method)\r\n\tat java.base/jdk.internal.reflect.NativeMethodAccessorImpl.invoke(NativeMethodAccessorImpl.java:62)\r\n\tat java.base/jdk.internal.reflect.DelegatingMethodAccessorImpl.invoke(DelegatingMethodAccessorImpl.java:43)\r\n\tat java.base/java.lang.reflect.Method.invoke(Method.java:566)\r\n\tat org.openqa.selenium.support.pagefactory.internal.LocatingElementHandler.invoke(LocatingElementHandler.java:51)\r\n\tat com.sun.proxy.$Proxy19.click(Unknown Source)\r\n\tat com.PagesCRM.CRMCasesPage.Showfilters(CRMCasesPage.java:38)\r\n\tat com.stepDefinitionCRM.CasesPageStepDefinition.show_filters(CasesPageStepDefinition.java:35)\r\n\tat ✽.Show Filters(file:///C:/Users/mohan/git/FreeCRM_Project/FreeCRM/src/test/resources/Features/FeatureCRM.feature:29)\r\n",
              "duration": 189141300,
              "status": "failed"
            },
            "line": 29,
            "name": "Show Filters",
            "match": {
              "location": "com.stepDefinitionCRM.CasesPageStepDefinition.show_filters()"
            },
            "keyword": "And "
          },
          {
            "result": {
              "duration": 1518900,
              "status": "skipped"
            },
            "line": 30,
            "name": "Click New",
            "match": {
              "location": "com.stepDefinitionCRM.CasesPageStepDefinition.click_new()"
            },
            "keyword": "Then "
          }
        ]
      },
      {
        "start_timestamp": "2020-07-31T12:40:11.048Z",
        "line": 34,
        "name": "NewCasesPage Validation",
        "description": "",
        "id": "validate-crmsite-functionality;newcasespage-validation",
        "type": "scenario",
        "keyword": "Scenario",
        "steps": [
          {
            "result": {
              "error_message": "org.openqa.selenium.NoSuchElementException: no such element: Unable to locate element: {\"method\":\"css selector\",\"selector\":\"*[name\u003d\u0027title\u0027]\"}\n  (Session info: chrome\u003d84.0.4147.105)\nFor documentation on this error, please visit: https://www.seleniumhq.org/exceptions/no_such_element.html\nBuild info: version: \u00273.141.59\u0027, revision: \u0027e82be7d358\u0027, time: \u00272018-11-14T08:17:03\u0027\nSystem info: host: \u0027DESKTOP-674K7K6\u0027, ip: \u0027192.168.1.65\u0027, os.name: \u0027Windows 10\u0027, os.arch: \u0027amd64\u0027, os.version: \u002710.0\u0027, java.version: \u002711.0.7\u0027\nDriver info: org.openqa.selenium.chrome.ChromeDriver\nCapabilities {acceptInsecureCerts: false, browserName: chrome, browserVersion: 84.0.4147.105, chrome: {chromedriverVersion: 83.0.4103.39 (ccbf011cb2d2b..., userDataDir: C:\\Users\\mohan\\AppData\\Loca...}, goog:chromeOptions: {debuggerAddress: localhost:61732}, javascriptEnabled: true, networkConnectionEnabled: false, pageLoadStrategy: normal, platform: WINDOWS, platformName: WINDOWS, proxy: Proxy(), setWindowRect: true, strictFileInteractability: false, timeouts: {implicit: 0, pageLoad: 300000, script: 30000}, unhandledPromptBehavior: dismiss and notify, webauthn:virtualAuthenticators: true}\nSession ID: f7336d3f09146caf9a42a712d38c6211\n*** Element info: {Using\u003dname, value\u003dtitle}\r\n\tat java.base/jdk.internal.reflect.NativeConstructorAccessorImpl.newInstance0(Native Method)\r\n\tat java.base/jdk.internal.reflect.NativeConstructorAccessorImpl.newInstance(NativeConstructorAccessorImpl.java:62)\r\n\tat java.base/jdk.internal.reflect.DelegatingConstructorAccessorImpl.newInstance(DelegatingConstructorAccessorImpl.java:45)\r\n\tat java.base/java.lang.reflect.Constructor.newInstance(Constructor.java:490)\r\n\tat org.openqa.selenium.remote.http.W3CHttpResponseCodec.createException(W3CHttpResponseCodec.java:187)\r\n\tat org.openqa.selenium.remote.http.W3CHttpResponseCodec.decode(W3CHttpResponseCodec.java:122)\r\n\tat org.openqa.selenium.remote.http.W3CHttpResponseCodec.decode(W3CHttpResponseCodec.java:49)\r\n\tat org.openqa.selenium.remote.HttpCommandExecutor.execute(HttpCommandExecutor.java:158)\r\n\tat org.openqa.selenium.remote.service.DriverCommandExecutor.execute(DriverCommandExecutor.java:83)\r\n\tat org.openqa.selenium.remote.RemoteWebDriver.execute(RemoteWebDriver.java:552)\r\n\tat org.openqa.selenium.remote.RemoteWebDriver.findElement(RemoteWebDriver.java:323)\r\n\tat org.openqa.selenium.remote.RemoteWebDriver.findElementByName(RemoteWebDriver.java:404)\r\n\tat org.openqa.selenium.By$ByName.findElement(By.java:284)\r\n\tat org.openqa.selenium.remote.RemoteWebDriver.findElement(RemoteWebDriver.java:315)\r\n\tat org.openqa.selenium.support.pagefactory.DefaultElementLocator.findElement(DefaultElementLocator.java:69)\r\n\tat org.openqa.selenium.support.pagefactory.internal.LocatingElementHandler.invoke(LocatingElementHandler.java:38)\r\n\tat com.sun.proxy.$Proxy19.sendKeys(Unknown Source)\r\n\tat com.PagesCRM.NewCases.enter_Title_Company_Description_Contact_Deal_Identifier_Tags(NewCases.java:73)\r\n\tat com.stepDefinitionCRM.CasesPageStepDefinition.enter_Title_Company_Description_Contact_Deal_Identifier_Tags(CasesPageStepDefinition.java:54)\r\n\tat ✽.Enter Title,Company,Description,Contact,Deal,Identifier,Tags(file:///C:/Users/mohan/git/FreeCRM_Project/FreeCRM/src/test/resources/Features/FeatureCRM.feature:35)\r\n",
              "duration": 30033795500,
              "status": "failed"
            },
            "line": 35,
            "name": "Enter Title,Company,Description,Contact,Deal,Identifier,Tags",
            "match": {
              "location": "com.stepDefinitionCRM.CasesPageStepDefinition.enter_Title_Company_Description_Contact_Deal_Identifier_Tags()"
            },
            "keyword": "Then "
          },
          {
            "result": {
              "duration": 998400,
              "status": "skipped"
            },
            "line": 36,
            "name": "select Assigned To, Type, Priority, Status",
            "match": {
              "location": "com.stepDefinitionCRM.CasesPageStepDefinition.select_Assigned_To_Type_Priority_Status()"
            },
            "keyword": "And "
          },
          {
            "result": {
              "duration": 997500,
              "status": "skipped"
            },
            "line": 37,
            "name": "Input Deadline Date and Close Date",
            "match": {
              "location": "com.stepDefinitionCRM.CasesPageStepDefinition.input_Deadline_Date_and_Close_Date()"
            },
            "keyword": "Then "
          },
          {
            "result": {
              "status": "undefined"
            },
            "line": 43,
            "name": "Export",
            "match": {},
            "keyword": "Then "
          }
        ]
      },
      {
        "start_timestamp": "2020-07-31T12:40:41.100Z",
        "line": 45,
        "name": "Create New Campaign",
        "description": "",
        "id": "validate-crmsite-functionality;create-new-campaign",
        "type": "scenario",
        "keyword": "Scenario",
        "steps": [
          {
            "result": {
              "error_message": "org.openqa.selenium.NoSuchElementException: no such element: Unable to locate element: {\"method\":\"xpath\",\"selector\":\"//*[@id\u003d\u0027ui\u0027]/div/div/form/div/div[1]/div/input\"}\n  (Session info: chrome\u003d84.0.4147.105)\nFor documentation on this error, please visit: https://www.seleniumhq.org/exceptions/no_such_element.html\nBuild info: version: \u00273.141.59\u0027, revision: \u0027e82be7d358\u0027, time: \u00272018-11-14T08:17:03\u0027\nSystem info: host: \u0027DESKTOP-674K7K6\u0027, ip: \u0027192.168.1.65\u0027, os.name: \u0027Windows 10\u0027, os.arch: \u0027amd64\u0027, os.version: \u002710.0\u0027, java.version: \u002711.0.7\u0027\nDriver info: org.openqa.selenium.chrome.ChromeDriver\nCapabilities {acceptInsecureCerts: false, browserName: chrome, browserVersion: 84.0.4147.105, chrome: {chromedriverVersion: 83.0.4103.39 (ccbf011cb2d2b..., userDataDir: C:\\Users\\mohan\\AppData\\Loca...}, goog:chromeOptions: {debuggerAddress: localhost:61732}, javascriptEnabled: true, networkConnectionEnabled: false, pageLoadStrategy: normal, platform: WINDOWS, platformName: WINDOWS, proxy: Proxy(), setWindowRect: true, strictFileInteractability: false, timeouts: {implicit: 0, pageLoad: 300000, script: 30000}, unhandledPromptBehavior: dismiss and notify, webauthn:virtualAuthenticators: true}\nSession ID: f7336d3f09146caf9a42a712d38c6211\n*** Element info: {Using\u003dxpath, value\u003d//*[@id\u003d\u0027ui\u0027]/div/div/form/div/div[1]/div/input}\r\n\tat java.base/jdk.internal.reflect.NativeConstructorAccessorImpl.newInstance0(Native Method)\r\n\tat java.base/jdk.internal.reflect.NativeConstructorAccessorImpl.newInstance(NativeConstructorAccessorImpl.java:62)\r\n\tat java.base/jdk.internal.reflect.DelegatingConstructorAccessorImpl.newInstance(DelegatingConstructorAccessorImpl.java:45)\r\n\tat java.base/java.lang.reflect.Constructor.newInstance(Constructor.java:490)\r\n\tat org.openqa.selenium.remote.http.W3CHttpResponseCodec.createException(W3CHttpResponseCodec.java:187)\r\n\tat org.openqa.selenium.remote.http.W3CHttpResponseCodec.decode(W3CHttpResponseCodec.java:122)\r\n\tat org.openqa.selenium.remote.http.W3CHttpResponseCodec.decode(W3CHttpResponseCodec.java:49)\r\n\tat org.openqa.selenium.remote.HttpCommandExecutor.execute(HttpCommandExecutor.java:158)\r\n\tat org.openqa.selenium.remote.service.DriverCommandExecutor.execute(DriverCommandExecutor.java:83)\r\n\tat org.openqa.selenium.remote.RemoteWebDriver.execute(RemoteWebDriver.java:552)\r\n\tat org.openqa.selenium.remote.RemoteWebDriver.findElement(RemoteWebDriver.java:323)\r\n\tat org.openqa.selenium.remote.RemoteWebDriver.findElementByXPath(RemoteWebDriver.java:428)\r\n\tat org.openqa.selenium.By$ByXPath.findElement(By.java:353)\r\n\tat org.openqa.selenium.remote.RemoteWebDriver.findElement(RemoteWebDriver.java:315)\r\n\tat com.stepDefinitionCRM.NewCampaignLoginSteps.logged_in(NewCampaignLoginSteps.java:20)\r\n\tat ✽.Logged in(file:///C:/Users/mohan/git/FreeCRM_Project/FreeCRM/src/test/resources/Features/FeatureCRM.feature:46)\r\n",
              "duration": 31392459700,
              "status": "failed"
            },
            "line": 46,
            "name": "Logged in",
            "match": {
              "location": "com.stepDefinitionCRM.NewCampaignLoginSteps.logged_in()"
            },
            "keyword": "When "
          },
          {
            "result": {
              "status": "skipped"
            },
            "line": 47,
            "name": "Clicking on Campagign menu",
            "match": {
              "location": "com.stepDefinitionCRM.NewCampaignLoginSteps.clicking_on_Campagign_menu()"
            },
            "keyword": "When "
          },
          {
            "result": {
              "duration": 1994000,
              "status": "skipped"
            },
            "line": 48,
            "name": "Click New Campaign",
            "match": {
              "location": "com.stepDefinitionCRM.NewCampaignLoginSteps.click_New_Campaign()"
            },
            "keyword": "Then "
          },
          {
            "result": {
              "duration": 974400,
              "status": "skipped"
            },
            "line": 49,
            "name": "Enter details",
            "match": {
              "location": "com.stepDefinitionCRM.NewCampaignLoginSteps.enter_details()"
            },
            "keyword": "And "
          },
          {
            "result": {
              "status": "skipped"
            },
            "line": 50,
            "name": "Click Save",
            "match": {
              "location": "com.stepDefinitionCRM.NewCampaignLoginSteps.click_Save()"
            },
            "keyword": "Then "
          }
        ]
      }
    ],
    "name": "validate crmsite functionality",
    "description": "",
    "id": "validate-crmsite-functionality",
    "keyword": "Feature",
    "uri": "file:src/test/resources/Features/FeatureCRM.feature",
    "tags": []
  }
]