<?xml version="1.0" encoding="UTF-8"?>
<testng-results ignored="0" total="1" passed="1" failed="0" skipped="0">
  <reporter-output>
  </reporter-output>
  <suite started-at="2020-07-07T19:05:11 BST" name="Default suite" finished-at="2020-07-07T19:05:20 BST" duration-ms="9218">
    <groups>
    </groups>
    <test started-at="2020-07-07T19:05:11 BST" name="Default test" finished-at="2020-07-07T19:05:20 BST" duration-ms="9218">
      <class name="com.Testcases.LoginTC">
        <test-method signature="openapp()[pri:0, instance:com.Testcases.LoginTC@4d910fd6]" started-at="2020-07-07T19:05:11 BST" name="openapp" finished-at="2020-07-07T19:05:20 BST" duration-ms="9139" status="PASS">
          <reporter-output>
          </reporter-output>
        </test-method> <!-- openapp -->
      </class> <!-- com.Testcases.LoginTC -->
    </test> <!-- Default test -->
  </suite> <!-- Default suite -->
</testng-results>
