<?xml version="1.0" encoding="UTF-8"?>
<testng-results ignored="0" total="2" passed="2" failed="0" skipped="0">
  <reporter-output>
  </reporter-output>
  <suite started-at="2020-07-12T11:21:09 BST" name="Default suite" finished-at="2020-07-12T11:21:30 BST" duration-ms="20957">
    <groups>
    </groups>
    <test started-at="2020-07-12T11:21:09 BST" name="Default test" finished-at="2020-07-12T11:21:30 BST" duration-ms="20957">
      <class name="com.PagesCRM.TestcaseDropdown">
        <test-method is-config="true" signature="openapp()[pri:0, instance:com.PagesCRM.TestcaseDropdown@1787f2a0]" started-at="2020-07-12T11:21:09 BST" name="openapp" finished-at="2020-07-12T11:21:20 BST" duration-ms="10118" status="PASS">
          <reporter-output>
          </reporter-output>
        </test-method> <!-- openapp -->
        <test-method signature="login()[pri:0, instance:com.PagesCRM.TestcaseDropdown@1787f2a0]" started-at="2020-07-12T11:21:20 BST" name="login" finished-at="2020-07-12T11:21:20 BST" duration-ms="805" status="PASS">
          <reporter-output>
          </reporter-output>
        </test-method> <!-- login -->
        <test-method signature="opendropdown()[pri:0, instance:com.PagesCRM.TestcaseDropdown@1787f2a0]" started-at="2020-07-12T11:21:20 BST" name="opendropdown" finished-at="2020-07-12T11:21:30 BST" duration-ms="9989" status="PASS">
          <reporter-output>
          </reporter-output>
        </test-method> <!-- opendropdown -->
      </class> <!-- com.PagesCRM.TestcaseDropdown -->
    </test> <!-- Default test -->
  </suite> <!-- Default suite -->
</testng-results>
